Apr 18, 2012 10:21:28 PM org.apache.catalina.core.AprLifecycleListener init
INFO: The APR based Apache Tomcat Native library which allows optimal performance in production environments was not found on the java.library.path: /usr/lib/jvm/java-6-openjdk-amd64/jre/lib/amd64/server:/usr/lib/jvm/java-6-openjdk-amd64/jre/lib/amd64:/usr/lib/jvm/java-6-openjdk-amd64/jre/../lib/amd64:/usr/java/packages/lib/amd64:/usr/lib/x86_64-linux-gnu/jni:/lib/x86_64-linux-gnu:/usr/lib/x86_64-linux-gnu:/usr/lib/jni:/lib:/usr/lib
Apr 18, 2012 10:21:29 PM org.apache.coyote.AbstractProtocol init
INFO: Initializing ProtocolHandler ["http-bio-8080"]
Apr 18, 2012 10:21:29 PM org.apache.coyote.AbstractProtocol init
INFO: Initializing ProtocolHandler ["ajp-bio-8009"]
Apr 18, 2012 10:21:29 PM org.apache.catalina.startup.Catalina load
INFO: Initialization processed in 2230 ms
Apr 18, 2012 10:21:29 PM org.apache.catalina.core.StandardService startInternal
INFO: Starting service Catalina
Apr 18, 2012 10:21:29 PM org.apache.catalina.core.StandardEngine startInternal
INFO: Starting Servlet Engine: Apache Tomcat/7.0.27
Apr 18, 2012 10:21:31 PM org.apache.commons.vfs.VfsLog info
INFO: Using "/code/groovy/cfpowertools/tomcat/temp/vfs_cache" as temporary files store.
Apr 18, 2012 10:21:33 PM org.apache.catalina.startup.HostConfig deployDirectory
INFO: Deploying web application directory /code/groovy/cfpowertools/bin/apache-tomcat-7.0.27/webapps/manager
Apr 18, 2012 10:21:33 PM org.apache.catalina.startup.HostConfig deployDirectory
INFO: Deploying web application directory /code/groovy/cfpowertools/bin/apache-tomcat-7.0.27/webapps/docs
Apr 18, 2012 10:21:33 PM org.apache.catalina.startup.HostConfig deployDirectory
INFO: Deploying web application directory /code/groovy/cfpowertools/bin/apache-tomcat-7.0.27/webapps/host-manager
Apr 18, 2012 10:21:33 PM org.apache.catalina.startup.HostConfig deployDirectory
INFO: Deploying web application directory /code/groovy/cfpowertools/bin/apache-tomcat-7.0.27/webapps/examples
Apr 18, 2012 10:21:33 PM org.apache.coyote.AbstractProtocol start
INFO: Starting ProtocolHandler ["http-bio-8080"]
Apr 18, 2012 10:21:33 PM org.apache.coyote.AbstractProtocol start
INFO: Starting ProtocolHandler ["ajp-bio-8009"]
Apr 18, 2012 10:21:33 PM org.apache.catalina.startup.Catalina start
INFO: Server startup in 3975 ms
Apr 18, 2012 10:22:34 PM org.apache.coyote.AbstractProtocol pause
INFO: Pausing ProtocolHandler ["http-bio-8080"]
Apr 18, 2012 10:22:34 PM org.apache.coyote.AbstractProtocol pause
INFO: Pausing ProtocolHandler ["ajp-bio-8009"]
Apr 18, 2012 10:22:34 PM org.apache.catalina.core.StandardService stopInternal
INFO: Stopping service Catalina
Apr 18, 2012 10:22:34 PM org.apache.catalina.loader.WebappClassLoader clearReferencesThreads
SEVERE: The web application [] appears to have started a thread named [scheduleEngine] but has failed to stop it. This is very likely to create a memory leak.
Apr 18, 2012 10:22:34 PM org.apache.catalina.loader.WebappClassLoader clearReferencesThreads
SEVERE: The web application [] appears to have started a thread named [CronPluginThread] but has failed to stop it. This is very likely to create a memory leak.
Apr 18, 2012 10:22:35 PM org.apache.catalina.loader.WebappClassLoader checkThreadLocalMapForLeaks
SEVERE: The web application [] created a ThreadLocal with key of type [javolution.context.HeapContext$2] (value [javolution.context.HeapContext$2@23dd246]) and a value of type [javolution.util.FastTable] (value [[Heap allocator for class javolution.util.FastMap$KeyIterator$1, Heap allocator for class javolution.util.FastMap$ValueIterator$1, Heap allocator for class javolution.util.FastMap$EntryIterator$1]]) but failed to remove it when the web application was stopped. Threads are going to be renewed over time to try and avoid a probable memory leak.
Apr 18, 2012 10:22:35 PM org.apache.catalina.loader.WebappClassLoader checkThreadLocalMapForLeaks
SEVERE: The web application [] created a ThreadLocal with key of type [javolution.context.ObjectFactory$2] (value [javolution.context.ObjectFactory$2@2b115a61]) and a value of type [javolution.context.HeapContext.HeapAllocator] (value [Heap allocator for class javolution.util.FastMap$KeyIterator$1]) but failed to remove it when the web application was stopped. Threads are going to be renewed over time to try and avoid a probable memory leak.
Apr 18, 2012 10:22:35 PM org.apache.catalina.loader.WebappClassLoader checkThreadLocalMapForLeaks
SEVERE: The web application [] created a ThreadLocal with key of type [javolution.context.ObjectFactory$2] (value [javolution.context.ObjectFactory$2@44ac5e]) and a value of type [javolution.context.HeapContext.HeapAllocator] (value [Heap allocator for class javolution.util.FastMap$ValueIterator$1]) but failed to remove it when the web application was stopped. Threads are going to be renewed over time to try and avoid a probable memory leak.
Apr 18, 2012 10:22:35 PM org.apache.catalina.loader.WebappClassLoader checkThreadLocalMapForLeaks
SEVERE: The web application [] created a ThreadLocal with key of type [javolution.context.Context$1] (value [javolution.context.Context$1@1c904f75]) and a value of type [javolution.context.Context.Root] (value [Instance of javolution.context.Context$Root]) but failed to remove it when the web application was stopped. Threads are going to be renewed over time to try and avoid a probable memory leak.
Apr 18, 2012 10:22:35 PM org.apache.catalina.loader.WebappClassLoader checkThreadLocalMapForLeaks
SEVERE: The web application [] created a ThreadLocal with key of type [javolution.context.ObjectFactory$2] (value [javolution.context.ObjectFactory$2@465098f9]) and a value of type [javolution.context.HeapContext.HeapAllocator] (value [Heap allocator for class javolution.util.FastMap$EntryIterator$1]) but failed to remove it when the web application was stopped. Threads are going to be renewed over time to try and avoid a probable memory leak.
Apr 18, 2012 10:22:35 PM org.apache.catalina.loader.WebappClassLoader checkThreadLocalMapForLeaks
SEVERE: The web application [] created a ThreadLocal with key of type [javolution.context.HeapContext$1] (value [javolution.context.HeapContext$1@556b277f]) and a value of type [javolution.util.FastMap] (value [[javolution.util.FastMap$KeyIterator$1@a4133b0=Heap allocator for class javolution.util.FastMap$KeyIterator$1, javolution.util.FastMap$ValueIterator$1@12a4ed99=Heap allocator for class javolution.util.FastMap$ValueIterator$1, javolution.util.FastMap$EntryIterator$1@7463e563=Heap allocator for class javolution.util.FastMap$EntryIterator$1]]) but failed to remove it when the web application was stopped. Threads are going to be renewed over time to try and avoid a probable memory leak.
Apr 18, 2012 10:22:35 PM org.apache.catalina.loader.WebappClassLoader checkThreadLocalMapForLeaks
SEVERE: The web application [] created a ThreadLocal with key of type [javolution.context.HeapContext$2] (value [javolution.context.HeapContext$2@23dd246]) and a value of type [javolution.util.FastTable] (value [[Heap allocator for class javolution.util.FastMap$KeyIterator$1, Heap allocator for class javolution.util.FastMap$ValueIterator$1, Heap allocator for class javolution.util.FastMap$EntryIterator$1]]) but failed to remove it when the web application was stopped. Threads are going to be renewed over time to try and avoid a probable memory leak.
Apr 18, 2012 10:22:35 PM org.apache.catalina.loader.WebappClassLoader checkThreadLocalMapForLeaks
SEVERE: The web application [] created a ThreadLocal with key of type [javolution.context.ObjectFactory$2] (value [javolution.context.ObjectFactory$2@2b115a61]) and a value of type [javolution.context.HeapContext.HeapAllocator] (value [Heap allocator for class javolution.util.FastMap$KeyIterator$1]) but failed to remove it when the web application was stopped. Threads are going to be renewed over time to try and avoid a probable memory leak.
Apr 18, 2012 10:22:35 PM org.apache.catalina.loader.WebappClassLoader checkThreadLocalMapForLeaks
SEVERE: The web application [] created a ThreadLocal with key of type [javolution.context.ObjectFactory$2] (value [javolution.context.ObjectFactory$2@44ac5e]) and a value of type [javolution.context.HeapContext.HeapAllocator] (value [Heap allocator for class javolution.util.FastMap$ValueIterator$1]) but failed to remove it when the web application was stopped. Threads are going to be renewed over time to try and avoid a probable memory leak.
Apr 18, 2012 10:22:35 PM org.apache.catalina.loader.WebappClassLoader checkThreadLocalMapForLeaks
SEVERE: The web application [] created a ThreadLocal with key of type [javolution.context.Context$1] (value [javolution.context.Context$1@1c904f75]) and a value of type [javolution.context.Context.Root] (value [Instance of javolution.context.Context$Root]) but failed to remove it when the web application was stopped. Threads are going to be renewed over time to try and avoid a probable memory leak.
Apr 18, 2012 10:22:35 PM org.apache.catalina.loader.WebappClassLoader checkThreadLocalMapForLeaks
SEVERE: The web application [] created a ThreadLocal with key of type [javolution.context.ObjectFactory$2] (value [javolution.context.ObjectFactory$2@465098f9]) and a value of type [javolution.context.HeapContext.HeapAllocator] (value [Heap allocator for class javolution.util.FastMap$EntryIterator$1]) but failed to remove it when the web application was stopped. Threads are going to be renewed over time to try and avoid a probable memory leak.
Apr 18, 2012 10:22:35 PM org.apache.catalina.loader.WebappClassLoader checkThreadLocalMapForLeaks
SEVERE: The web application [] created a ThreadLocal with key of type [javolution.context.HeapContext$1] (value [javolution.context.HeapContext$1@556b277f]) and a value of type [javolution.util.FastMap] (value [[javolution.util.FastMap$KeyIterator$1@a4133b0=Heap allocator for class javolution.util.FastMap$KeyIterator$1, javolution.util.FastMap$ValueIterator$1@12a4ed99=Heap allocator for class javolution.util.FastMap$ValueIterator$1, javolution.util.FastMap$EntryIterator$1@7463e563=Heap allocator for class javolution.util.FastMap$EntryIterator$1]]) but failed to remove it when the web application was stopped. Threads are going to be renewed over time to try and avoid a probable memory leak.
Apr 18, 2012 10:22:35 PM org.apache.catalina.loader.WebappClassLoader checkThreadLocalMapForLeaks
SEVERE: The web application [] created a ThreadLocal with key of type [javolution.context.HeapContext$2] (value [javolution.context.HeapContext$2@23dd246]) and a value of type [javolution.util.FastTable] (value [[Heap allocator for class javolution.util.FastMap$KeyIterator$1, Heap allocator for class javolution.util.FastMap$ValueIterator$1, Heap allocator for class javolution.util.FastMap$EntryIterator$1]]) but failed to remove it when the web application was stopped. Threads are going to be renewed over time to try and avoid a probable memory leak.
Apr 18, 2012 10:22:35 PM org.apache.catalina.loader.WebappClassLoader checkThreadLocalMapForLeaks
SEVERE: The web application [] created a ThreadLocal with key of type [javolution.context.ObjectFactory$2] (value [javolution.context.ObjectFactory$2@2b115a61]) and a value of type [javolution.context.HeapContext.HeapAllocator] (value [Heap allocator for class javolution.util.FastMap$KeyIterator$1]) but failed to remove it when the web application was stopped. Threads are going to be renewed over time to try and avoid a probable memory leak.
Apr 18, 2012 10:22:35 PM org.apache.catalina.loader.WebappClassLoader checkThreadLocalMapForLeaks
SEVERE: The web application [] created a ThreadLocal with key of type [javolution.context.ObjectFactory$2] (value [javolution.context.ObjectFactory$2@44ac5e]) and a value of type [javolution.context.HeapContext.HeapAllocator] (value [Heap allocator for class javolution.util.FastMap$ValueIterator$1]) but failed to remove it when the web application was stopped. Threads are going to be renewed over time to try and avoid a probable memory leak.
Apr 18, 2012 10:22:35 PM org.apache.catalina.loader.WebappClassLoader checkThreadLocalMapForLeaks
SEVERE: The web application [] created a ThreadLocal with key of type [javolution.context.Context$1] (value [javolution.context.Context$1@1c904f75]) and a value of type [javolution.context.Context.Root] (value [Instance of javolution.context.Context$Root]) but failed to remove it when the web application was stopped. Threads are going to be renewed over time to try and avoid a probable memory leak.
Apr 18, 2012 10:22:35 PM org.apache.catalina.loader.WebappClassLoader checkThreadLocalMapForLeaks
SEVERE: The web application [] created a ThreadLocal with key of type [javolution.context.ObjectFactory$2] (value [javolution.context.ObjectFactory$2@465098f9]) and a value of type [javolution.context.HeapContext.HeapAllocator] (value [Heap allocator for class javolution.util.FastMap$EntryIterator$1]) but failed to remove it when the web application was stopped. Threads are going to be renewed over time to try and avoid a probable memory leak.
Apr 18, 2012 10:22:35 PM org.apache.catalina.loader.WebappClassLoader checkThreadLocalMapForLeaks
SEVERE: The web application [] created a ThreadLocal with key of type [javolution.context.HeapContext$1] (value [javolution.context.HeapContext$1@556b277f]) and a value of type [javolution.util.FastMap] (value [[javolution.util.FastMap$KeyIterator$1@a4133b0=Heap allocator for class javolution.util.FastMap$KeyIterator$1, javolution.util.FastMap$ValueIterator$1@12a4ed99=Heap allocator for class javolution.util.FastMap$ValueIterator$1, javolution.util.FastMap$EntryIterator$1@7463e563=Heap allocator for class javolution.util.FastMap$EntryIterator$1]]) but failed to remove it when the web application was stopped. Threads are going to be renewed over time to try and avoid a probable memory leak.
Apr 18, 2012 10:22:35 PM org.apache.catalina.loader.WebappClassLoader checkThreadLocalMapForLeaks
SEVERE: The web application [] created a ThreadLocal with key of type [javolution.context.HeapContext$2] (value [javolution.context.HeapContext$2@23dd246]) and a value of type [javolution.util.FastTable] (value [[Heap allocator for class javolution.util.FastMap$KeyIterator$1, Heap allocator for class javolution.context.ArrayFactory$13, Heap allocator for class javolution.util.FastMap$ValueIterator$1, Heap allocator for class javolution.util.FastMap$EntryIterator$1]]) but failed to remove it when the web application was stopped. Threads are going to be renewed over time to try and avoid a probable memory leak.
Apr 18, 2012 10:22:35 PM org.apache.catalina.loader.WebappClassLoader checkThreadLocalMapForLeaks
SEVERE: The web application [] created a ThreadLocal with key of type [javolution.context.ObjectFactory$2] (value [javolution.context.ObjectFactory$2@2b115a61]) and a value of type [javolution.context.HeapContext.HeapAllocator] (value [Heap allocator for class javolution.util.FastMap$KeyIterator$1]) but failed to remove it when the web application was stopped. Threads are going to be renewed over time to try and avoid a probable memory leak.
Apr 18, 2012 10:22:35 PM org.apache.catalina.loader.WebappClassLoader checkThreadLocalMapForLeaks
SEVERE: The web application [] created a ThreadLocal with key of type [javolution.context.ObjectFactory$2] (value [javolution.context.ObjectFactory$2@44ac5e]) and a value of type [javolution.context.HeapContext.HeapAllocator] (value [Heap allocator for class javolution.util.FastMap$ValueIterator$1]) but failed to remove it when the web application was stopped. Threads are going to be renewed over time to try and avoid a probable memory leak.
Apr 18, 2012 10:22:35 PM org.apache.catalina.loader.WebappClassLoader checkThreadLocalMapForLeaks
SEVERE: The web application [] created a ThreadLocal with key of type [javolution.context.ObjectFactory$2] (value [javolution.context.ObjectFactory$2@6dee2ea8]) and a value of type [javolution.context.HeapContext.HeapAllocator] (value [Heap allocator for class javolution.context.ArrayFactory$13]) but failed to remove it when the web application was stopped. Threads are going to be renewed over time to try and avoid a probable memory leak.
Apr 18, 2012 10:22:35 PM org.apache.catalina.loader.WebappClassLoader checkThreadLocalMapForLeaks
SEVERE: The web application [] created a ThreadLocal with key of type [javolution.context.Context$1] (value [javolution.context.Context$1@1c904f75]) and a value of type [javolution.context.Context.Root] (value [Instance of javolution.context.Context$Root]) but failed to remove it when the web application was stopped. Threads are going to be renewed over time to try and avoid a probable memory leak.
Apr 18, 2012 10:22:35 PM org.apache.catalina.loader.WebappClassLoader checkThreadLocalMapForLeaks
SEVERE: The web application [] created a ThreadLocal with key of type [javolution.context.ObjectFactory$2] (value [javolution.context.ObjectFactory$2@465098f9]) and a value of type [javolution.context.HeapContext.HeapAllocator] (value [Heap allocator for class javolution.util.FastMap$EntryIterator$1]) but failed to remove it when the web application was stopped. Threads are going to be renewed over time to try and avoid a probable memory leak.
Apr 18, 2012 10:22:35 PM org.apache.catalina.loader.WebappClassLoader checkThreadLocalMapForLeaks
SEVERE: The web application [] created a ThreadLocal with key of type [javolution.context.HeapContext$1] (value [javolution.context.HeapContext$1@556b277f]) and a value of type [javolution.util.FastMap] (value [[javolution.util.FastMap$KeyIterator$1@a4133b0=Heap allocator for class javolution.util.FastMap$KeyIterator$1, javolution.context.ArrayFactory$13@388eed76=Heap allocator for class javolution.context.ArrayFactory$13, javolution.util.FastMap$ValueIterator$1@12a4ed99=Heap allocator for class javolution.util.FastMap$ValueIterator$1, javolution.util.FastMap$EntryIterator$1@7463e563=Heap allocator for class javolution.util.FastMap$EntryIterator$1]]) but failed to remove it when the web application was stopped. Threads are going to be renewed over time to try and avoid a probable memory leak.
Apr 18, 2012 10:22:35 PM org.apache.catalina.loader.WebappClassLoader checkThreadLocalMapForLeaks
SEVERE: The web application [] created a ThreadLocal with key of type [javolution.context.HeapContext$2] (value [javolution.context.HeapContext$2@23dd246]) and a value of type [javolution.util.FastTable] (value [[Heap allocator for class javolution.util.FastTable$FastTableIterator$1, Heap allocator for class javolution.util.FastMap$KeyIterator$1, Heap allocator for class javolution.util.FastMap$ValueIterator$1, Heap allocator for class javolution.text.Text$3, Heap allocator for class javolution.text.Text$4]]) but failed to remove it when the web application was stopped. Threads are going to be renewed over time to try and avoid a probable memory leak.
Apr 18, 2012 10:22:35 PM org.apache.catalina.loader.WebappClassLoader checkThreadLocalMapForLeaks
SEVERE: The web application [] created a ThreadLocal with key of type [javolution.context.ObjectFactory$2] (value [javolution.context.ObjectFactory$2@30394ffa]) and a value of type [javolution.context.HeapContext.HeapAllocator] (value [Heap allocator for class javolution.util.FastTable$FastTableIterator$1]) but failed to remove it when the web application was stopped. Threads are going to be renewed over time to try and avoid a probable memory leak.
Apr 18, 2012 10:22:35 PM org.apache.catalina.loader.WebappClassLoader checkThreadLocalMapForLeaks
SEVERE: The web application [] created a ThreadLocal with key of type [javolution.context.ObjectFactory$2] (value [javolution.context.ObjectFactory$2@44ac5e]) and a value of type [javolution.context.HeapContext.HeapAllocator] (value [Heap allocator for class javolution.util.FastMap$ValueIterator$1]) but failed to remove it when the web application was stopped. Threads are going to be renewed over time to try and avoid a probable memory leak.
Apr 18, 2012 10:22:35 PM org.apache.catalina.loader.WebappClassLoader checkThreadLocalMapForLeaks
SEVERE: The web application [] created a ThreadLocal with key of type [javolution.context.ObjectFactory$2] (value [javolution.context.ObjectFactory$2@2b1bed2]) and a value of type [javolution.context.HeapContext.HeapAllocator] (value [Heap allocator for class javolution.text.Text$3]) but failed to remove it when the web application was stopped. Threads are going to be renewed over time to try and avoid a probable memory leak.
Apr 18, 2012 10:22:35 PM org.apache.catalina.loader.WebappClassLoader checkThreadLocalMapForLeaks
SEVERE: The web application [] created a ThreadLocal with key of type [javolution.context.ObjectFactory$2] (value [javolution.context.ObjectFactory$2@6366ce5f]) and a value of type [javolution.context.HeapContext.HeapAllocator] (value [Heap allocator for class javolution.text.Text$4]) but failed to remove it when the web application was stopped. Threads are going to be renewed over time to try and avoid a probable memory leak.
Apr 18, 2012 10:22:35 PM org.apache.catalina.loader.WebappClassLoader checkThreadLocalMapForLeaks
SEVERE: The web application [] created a ThreadLocal with key of type [javolution.context.ObjectFactory$2] (value [javolution.context.ObjectFactory$2@2b115a61]) and a value of type [javolution.context.HeapContext.HeapAllocator] (value [Heap allocator for class javolution.util.FastMap$KeyIterator$1]) but failed to remove it when the web application was stopped. Threads are going to be renewed over time to try and avoid a probable memory leak.
Apr 18, 2012 10:22:35 PM org.apache.catalina.loader.WebappClassLoader checkThreadLocalMapForLeaks
SEVERE: The web application [] created a ThreadLocal with key of type [javolution.context.Context$1] (value [javolution.context.Context$1@1c904f75]) and a value of type [javolution.context.Context.Root] (value [Instance of javolution.context.Context$Root]) but failed to remove it when the web application was stopped. Threads are going to be renewed over time to try and avoid a probable memory leak.
Apr 18, 2012 10:22:35 PM org.apache.catalina.loader.WebappClassLoader checkThreadLocalMapForLeaks
SEVERE: The web application [] created a ThreadLocal with key of type [javolution.context.HeapContext$1] (value [javolution.context.HeapContext$1@556b277f]) and a value of type [javolution.util.FastMap] (value [[javolution.util.FastTable$FastTableIterator$1@4d8ef117=Heap allocator for class javolution.util.FastTable$FastTableIterator$1, javolution.util.FastMap$KeyIterator$1@a4133b0=Heap allocator for class javolution.util.FastMap$KeyIterator$1, javolution.util.FastMap$ValueIterator$1@12a4ed99=Heap allocator for class javolution.util.FastMap$ValueIterator$1, javolution.text.Text$3@6e453dd5=Heap allocator for class javolution.text.Text$3, javolution.text.Text$4@73e2bda7=Heap allocator for class javolution.text.Text$4]]) but failed to remove it when the web application was stopped. Threads are going to be renewed over time to try and avoid a probable memory leak.
Apr 18, 2012 10:22:35 PM org.apache.coyote.AbstractProtocol stop
INFO: Stopping ProtocolHandler ["http-bio-8080"]
Apr 18, 2012 10:22:35 PM org.apache.coyote.AbstractProtocol stop
INFO: Stopping ProtocolHandler ["ajp-bio-8009"]
Apr 18, 2012 10:22:35 PM org.apache.coyote.AbstractProtocol destroy
INFO: Destroying ProtocolHandler ["http-bio-8080"]
Apr 18, 2012 10:22:35 PM org.apache.coyote.AbstractProtocol destroy
INFO: Destroying ProtocolHandler ["ajp-bio-8009"]
Apr 18, 2012 10:59:38 PM org.apache.catalina.core.AprLifecycleListener init
INFO: The APR based Apache Tomcat Native library which allows optimal performance in production environments was not found on the java.library.path: /usr/lib/jvm/java-6-openjdk-amd64/jre/lib/amd64/server:/usr/lib/jvm/java-6-openjdk-amd64/jre/lib/amd64:/usr/lib/jvm/java-6-openjdk-amd64/jre/../lib/amd64:/usr/java/packages/lib/amd64:/usr/lib/x86_64-linux-gnu/jni:/lib/x86_64-linux-gnu:/usr/lib/x86_64-linux-gnu:/usr/lib/jni:/lib:/usr/lib
Apr 18, 2012 10:59:38 PM org.apache.tomcat.util.digester.Digester endElement
SEVERE: End event threw exception
java.lang.reflect.InvocationTargetException
	at sun.reflect.NativeMethodAccessorImpl.invoke0(Native Method)
	at sun.reflect.NativeMethodAccessorImpl.invoke(NativeMethodAccessorImpl.java:57)
	at sun.reflect.DelegatingMethodAccessorImpl.invoke(DelegatingMethodAccessorImpl.java:43)
	at java.lang.reflect.Method.invoke(Method.java:616)
	at org.apache.tomcat.util.IntrospectionUtils.callMethod1(IntrospectionUtils.java:858)
	at org.apache.tomcat.util.digester.SetNextRule.end(SetNextRule.java:201)
	at org.apache.tomcat.util.digester.Digester.endElement(Digester.java:1051)
	at com.sun.org.apache.xerces.internal.parsers.AbstractSAXParser.endElement(AbstractSAXParser.java:604)
	at com.sun.org.apache.xerces.internal.parsers.AbstractXMLDocumentParser.emptyElement(AbstractXMLDocumentParser.java:183)
	at com.sun.org.apache.xerces.internal.impl.XMLDocumentFragmentScannerImpl.scanStartElement(XMLDocumentFragmentScannerImpl.java:1320)
	at com.sun.org.apache.xerces.internal.impl.XMLDocumentFragmentScannerImpl$FragmentContentDriver.next(XMLDocumentFragmentScannerImpl.java:2732)
	at com.sun.org.apache.xerces.internal.impl.XMLDocumentScannerImpl.next(XMLDocumentScannerImpl.java:625)
	at com.sun.org.apache.xerces.internal.impl.XMLDocumentFragmentScannerImpl.scanDocument(XMLDocumentFragmentScannerImpl.java:488)
	at com.sun.org.apache.xerces.internal.parsers.XML11Configuration.parse(XML11Configuration.java:819)
	at com.sun.org.apache.xerces.internal.parsers.XML11Configuration.parse(XML11Configuration.java:748)
	at com.sun.org.apache.xerces.internal.parsers.XMLParser.parse(XMLParser.java:123)
	at com.sun.org.apache.xerces.internal.parsers.AbstractSAXParser.parse(AbstractSAXParser.java:1208)
	at com.sun.org.apache.xerces.internal.jaxp.SAXParserImpl$JAXPSAXParser.parse(SAXParserImpl.java:525)
	at org.apache.tomcat.util.digester.Digester.parse(Digester.java:1537)
	at org.apache.catalina.startup.Catalina.load(Catalina.java:601)
	at org.apache.catalina.startup.Catalina.load(Catalina.java:649)
	at sun.reflect.NativeMethodAccessorImpl.invoke0(Native Method)
	at sun.reflect.NativeMethodAccessorImpl.invoke(NativeMethodAccessorImpl.java:57)
	at sun.reflect.DelegatingMethodAccessorImpl.invoke(DelegatingMethodAccessorImpl.java:43)
	at java.lang.reflect.Method.invoke(Method.java:616)
	at org.apache.catalina.startup.Bootstrap.load(Bootstrap.java:281)
	at org.apache.catalina.startup.Bootstrap.main(Bootstrap.java:449)
Caused by: java.lang.IllegalArgumentException: addChild:  Child name '' is not unique
	at org.apache.catalina.core.ContainerBase.addChildInternal(ContainerBase.java:881)
	at org.apache.catalina.core.ContainerBase.addChild(ContainerBase.java:871)
	at org.apache.catalina.core.StandardHost.addChild(StandardHost.java:615)
	... 27 more
Apr 18, 2012 10:59:38 PM org.apache.catalina.startup.Catalina load
WARNING: Catalina.start using conf/server.xml: Error at (142, 67) : addChild:  Child name '' is not unique
Apr 18, 2012 10:59:38 PM org.apache.tomcat.util.digester.Digester endElement
SEVERE: End event threw exception
java.lang.reflect.InvocationTargetException
	at sun.reflect.NativeMethodAccessorImpl.invoke0(Native Method)
	at sun.reflect.NativeMethodAccessorImpl.invoke(NativeMethodAccessorImpl.java:57)
	at sun.reflect.DelegatingMethodAccessorImpl.invoke(DelegatingMethodAccessorImpl.java:43)
	at java.lang.reflect.Method.invoke(Method.java:616)
	at org.apache.tomcat.util.IntrospectionUtils.callMethod1(IntrospectionUtils.java:858)
	at org.apache.tomcat.util.digester.SetNextRule.end(SetNextRule.java:201)
	at org.apache.tomcat.util.digester.Digester.endElement(Digester.java:1051)
	at com.sun.org.apache.xerces.internal.parsers.AbstractSAXParser.endElement(AbstractSAXParser.java:604)
	at com.sun.org.apache.xerces.internal.parsers.AbstractXMLDocumentParser.emptyElement(AbstractXMLDocumentParser.java:183)
	at com.sun.org.apache.xerces.internal.impl.XMLDocumentFragmentScannerImpl.scanStartElement(XMLDocumentFragmentScannerImpl.java:1320)
	at com.sun.org.apache.xerces.internal.impl.XMLDocumentFragmentScannerImpl$FragmentContentDriver.next(XMLDocumentFragmentScannerImpl.java:2732)
	at com.sun.org.apache.xerces.internal.impl.XMLDocumentScannerImpl.next(XMLDocumentScannerImpl.java:625)
	at com.sun.org.apache.xerces.internal.impl.XMLDocumentFragmentScannerImpl.scanDocument(XMLDocumentFragmentScannerImpl.java:488)
	at com.sun.org.apache.xerces.internal.parsers.XML11Configuration.parse(XML11Configuration.java:819)
	at com.sun.org.apache.xerces.internal.parsers.XML11Configuration.parse(XML11Configuration.java:748)
	at com.sun.org.apache.xerces.internal.parsers.XMLParser.parse(XMLParser.java:123)
	at com.sun.org.apache.xerces.internal.parsers.AbstractSAXParser.parse(AbstractSAXParser.java:1208)
	at com.sun.org.apache.xerces.internal.jaxp.SAXParserImpl$JAXPSAXParser.parse(SAXParserImpl.java:525)
	at org.apache.tomcat.util.digester.Digester.parse(Digester.java:1537)
	at org.apache.catalina.startup.Catalina.load(Catalina.java:601)
	at org.apache.catalina.startup.Catalina.start(Catalina.java:663)
	at sun.reflect.NativeMethodAccessorImpl.invoke0(Native Method)
	at sun.reflect.NativeMethodAccessorImpl.invoke(NativeMethodAccessorImpl.java:57)
	at sun.reflect.DelegatingMethodAccessorImpl.invoke(DelegatingMethodAccessorImpl.java:43)
	at java.lang.reflect.Method.invoke(Method.java:616)
	at org.apache.catalina.startup.Bootstrap.start(Bootstrap.java:322)
	at org.apache.catalina.startup.Bootstrap.main(Bootstrap.java:450)
Caused by: java.lang.IllegalArgumentException: addChild:  Child name '' is not unique
	at org.apache.catalina.core.ContainerBase.addChildInternal(ContainerBase.java:881)
	at org.apache.catalina.core.ContainerBase.addChild(ContainerBase.java:871)
	at org.apache.catalina.core.StandardHost.addChild(StandardHost.java:615)
	... 27 more
Apr 18, 2012 10:59:38 PM org.apache.catalina.startup.Catalina load
WARNING: Catalina.start using conf/server.xml: Error at (142, 67) : addChild:  Child name '' is not unique
Apr 18, 2012 10:59:38 PM org.apache.catalina.startup.Catalina start
SEVERE: Cannot start server. Server instance is not configured.
Apr 18, 2012 11:01:05 PM org.apache.catalina.core.AprLifecycleListener init
INFO: The APR based Apache Tomcat Native library which allows optimal performance in production environments was not found on the java.library.path: /usr/lib/jvm/java-6-openjdk-amd64/jre/lib/amd64/server:/usr/lib/jvm/java-6-openjdk-amd64/jre/lib/amd64:/usr/lib/jvm/java-6-openjdk-amd64/jre/../lib/amd64:/usr/java/packages/lib/amd64:/usr/lib/x86_64-linux-gnu/jni:/lib/x86_64-linux-gnu:/usr/lib/x86_64-linux-gnu:/usr/lib/jni:/lib:/usr/lib
Apr 18, 2012 11:01:05 PM org.apache.coyote.AbstractProtocol init
INFO: Initializing ProtocolHandler ["http-bio-8080"]
Apr 18, 2012 11:01:05 PM org.apache.coyote.AbstractProtocol init
INFO: Initializing ProtocolHandler ["ajp-bio-8009"]
Apr 18, 2012 11:01:05 PM org.apache.catalina.startup.Catalina load
INFO: Initialization processed in 1038 ms
Apr 18, 2012 11:01:05 PM org.apache.catalina.core.StandardService startInternal
INFO: Starting service Catalina
Apr 18, 2012 11:01:05 PM org.apache.catalina.core.StandardEngine startInternal
INFO: Starting Servlet Engine: Apache Tomcat/7.0.27
Apr 18, 2012 11:01:24 PM org.apache.catalina.util.SessionIdGenerator createSecureRandom
INFO: Creation of SecureRandom instance for session ID generation using [SHA1PRNG] took [17,350] milliseconds.
Apr 18, 2012 11:01:24 PM org.apache.commons.vfs.VfsLog info
INFO: Using "/code/groovy/cfpowertools/tomcat/temp/vfs_cache" as temporary files store.
Apr 18, 2012 11:01:26 PM org.apache.catalina.startup.HostConfig deployDirectory
INFO: Deploying web application directory /code/groovy/cfpowertools/bin/apache-tomcat-7.0.27/webapps/manager
Apr 18, 2012 11:01:26 PM org.apache.catalina.startup.HostConfig deployDirectory
INFO: Deploying web application directory /code/groovy/cfpowertools/bin/apache-tomcat-7.0.27/webapps/docs
Apr 18, 2012 11:01:26 PM org.apache.catalina.startup.HostConfig deployDirectory
INFO: Deploying web application directory /code/groovy/cfpowertools/bin/apache-tomcat-7.0.27/webapps/host-manager
Apr 18, 2012 11:01:26 PM org.apache.catalina.startup.HostConfig deployDirectory
INFO: Deploying web application directory /code/groovy/cfpowertools/bin/apache-tomcat-7.0.27/webapps/examples
Apr 18, 2012 11:01:26 PM org.apache.coyote.AbstractProtocol start
INFO: Starting ProtocolHandler ["http-bio-8080"]
Apr 18, 2012 11:01:26 PM org.apache.coyote.AbstractProtocol start
INFO: Starting ProtocolHandler ["ajp-bio-8009"]
Apr 18, 2012 11:01:26 PM org.apache.catalina.startup.Catalina start
INFO: Server startup in 20448 ms
Apr 18, 2012 11:04:07 PM org.apache.coyote.AbstractProtocol pause
INFO: Pausing ProtocolHandler ["http-bio-8080"]
Apr 18, 2012 11:04:07 PM org.apache.coyote.AbstractProtocol pause
INFO: Pausing ProtocolHandler ["ajp-bio-8009"]
Apr 18, 2012 11:04:07 PM org.apache.catalina.core.StandardService stopInternal
INFO: Stopping service Catalina
Apr 18, 2012 11:04:07 PM org.apache.catalina.loader.WebappClassLoader clearReferencesThreads
SEVERE: The web application [] appears to have started a thread named [scheduleEngine] but has failed to stop it. This is very likely to create a memory leak.
Apr 18, 2012 11:04:07 PM org.apache.catalina.loader.WebappClassLoader clearReferencesThreads
SEVERE: The web application [] appears to have started a thread named [CronPluginThread] but has failed to stop it. This is very likely to create a memory leak.
Apr 18, 2012 11:04:07 PM org.apache.catalina.loader.WebappClassLoader checkThreadLocalMapForLeaks
SEVERE: The web application [] created a ThreadLocal with key of type [javolution.context.HeapContext$1] (value [javolution.context.HeapContext$1@4f8bff68]) and a value of type [javolution.util.FastMap] (value [[javolution.util.FastMap$KeyIterator$1@644ca6b6=Heap allocator for class javolution.util.FastMap$KeyIterator$1, javolution.util.FastMap$EntryIterator$1@34b6a6d6=Heap allocator for class javolution.util.FastMap$EntryIterator$1, javolution.util.FastMap$ValueIterator$1@798a62f6=Heap allocator for class javolution.util.FastMap$ValueIterator$1, javolution.context.ArrayFactory$13@d38d2fc=Heap allocator for class javolution.context.ArrayFactory$13]]) but failed to remove it when the web application was stopped. Threads are going to be renewed over time to try and avoid a probable memory leak.
Apr 18, 2012 11:04:07 PM org.apache.catalina.loader.WebappClassLoader checkThreadLocalMapForLeaks
SEVERE: The web application [] created a ThreadLocal with key of type [javolution.context.ObjectFactory$2] (value [javolution.context.ObjectFactory$2@1b4920f8]) and a value of type [javolution.context.HeapContext.HeapAllocator] (value [Heap allocator for class javolution.util.FastMap$ValueIterator$1]) but failed to remove it when the web application was stopped. Threads are going to be renewed over time to try and avoid a probable memory leak.
Apr 18, 2012 11:04:07 PM org.apache.catalina.loader.WebappClassLoader checkThreadLocalMapForLeaks
SEVERE: The web application [] created a ThreadLocal with key of type [javolution.context.HeapContext$2] (value [javolution.context.HeapContext$2@5e1387c6]) and a value of type [javolution.util.FastTable] (value [[Heap allocator for class javolution.util.FastMap$KeyIterator$1, Heap allocator for class javolution.util.FastMap$EntryIterator$1, Heap allocator for class javolution.util.FastMap$ValueIterator$1, Heap allocator for class javolution.context.ArrayFactory$13]]) but failed to remove it when the web application was stopped. Threads are going to be renewed over time to try and avoid a probable memory leak.
Apr 18, 2012 11:04:07 PM org.apache.catalina.loader.WebappClassLoader checkThreadLocalMapForLeaks
SEVERE: The web application [] created a ThreadLocal with key of type [javolution.context.ObjectFactory$2] (value [javolution.context.ObjectFactory$2@c1dfe1a]) and a value of type [javolution.context.HeapContext.HeapAllocator] (value [Heap allocator for class javolution.context.ArrayFactory$13]) but failed to remove it when the web application was stopped. Threads are going to be renewed over time to try and avoid a probable memory leak.
Apr 18, 2012 11:04:07 PM org.apache.catalina.loader.WebappClassLoader checkThreadLocalMapForLeaks
SEVERE: The web application [] created a ThreadLocal with key of type [javolution.context.ObjectFactory$2] (value [javolution.context.ObjectFactory$2@515632d]) and a value of type [javolution.context.HeapContext.HeapAllocator] (value [Heap allocator for class javolution.util.FastMap$KeyIterator$1]) but failed to remove it when the web application was stopped. Threads are going to be renewed over time to try and avoid a probable memory leak.
Apr 18, 2012 11:04:07 PM org.apache.catalina.loader.WebappClassLoader checkThreadLocalMapForLeaks
SEVERE: The web application [] created a ThreadLocal with key of type [javolution.context.ObjectFactory$2] (value [javolution.context.ObjectFactory$2@76c5a2f7]) and a value of type [javolution.context.HeapContext.HeapAllocator] (value [Heap allocator for class javolution.util.FastMap$EntryIterator$1]) but failed to remove it when the web application was stopped. Threads are going to be renewed over time to try and avoid a probable memory leak.
Apr 18, 2012 11:04:07 PM org.apache.catalina.loader.WebappClassLoader checkThreadLocalMapForLeaks
SEVERE: The web application [] created a ThreadLocal with key of type [javolution.context.Context$1] (value [javolution.context.Context$1@294e430c]) and a value of type [javolution.context.Context.Root] (value [Instance of javolution.context.Context$Root]) but failed to remove it when the web application was stopped. Threads are going to be renewed over time to try and avoid a probable memory leak.
Apr 18, 2012 11:04:07 PM org.apache.catalina.loader.WebappClassLoader checkThreadLocalMapForLeaks
SEVERE: The web application [] created a ThreadLocal with key of type [javolution.context.HeapContext$1] (value [javolution.context.HeapContext$1@4f8bff68]) and a value of type [javolution.util.FastMap] (value [[javolution.util.FastMap$KeyIterator$1@644ca6b6=Heap allocator for class javolution.util.FastMap$KeyIterator$1, javolution.util.FastMap$EntryIterator$1@34b6a6d6=Heap allocator for class javolution.util.FastMap$EntryIterator$1, javolution.util.FastMap$ValueIterator$1@798a62f6=Heap allocator for class javolution.util.FastMap$ValueIterator$1]]) but failed to remove it when the web application was stopped. Threads are going to be renewed over time to try and avoid a probable memory leak.
Apr 18, 2012 11:04:07 PM org.apache.catalina.loader.WebappClassLoader checkThreadLocalMapForLeaks
SEVERE: The web application [] created a ThreadLocal with key of type [javolution.context.ObjectFactory$2] (value [javolution.context.ObjectFactory$2@1b4920f8]) and a value of type [javolution.context.HeapContext.HeapAllocator] (value [Heap allocator for class javolution.util.FastMap$ValueIterator$1]) but failed to remove it when the web application was stopped. Threads are going to be renewed over time to try and avoid a probable memory leak.
Apr 18, 2012 11:04:07 PM org.apache.catalina.loader.WebappClassLoader checkThreadLocalMapForLeaks
SEVERE: The web application [] created a ThreadLocal with key of type [javolution.context.HeapContext$2] (value [javolution.context.HeapContext$2@5e1387c6]) and a value of type [javolution.util.FastTable] (value [[Heap allocator for class javolution.util.FastMap$KeyIterator$1, Heap allocator for class javolution.util.FastMap$EntryIterator$1, Heap allocator for class javolution.util.FastMap$ValueIterator$1]]) but failed to remove it when the web application was stopped. Threads are going to be renewed over time to try and avoid a probable memory leak.
Apr 18, 2012 11:04:07 PM org.apache.catalina.loader.WebappClassLoader checkThreadLocalMapForLeaks
SEVERE: The web application [] created a ThreadLocal with key of type [javolution.context.ObjectFactory$2] (value [javolution.context.ObjectFactory$2@515632d]) and a value of type [javolution.context.HeapContext.HeapAllocator] (value [Heap allocator for class javolution.util.FastMap$KeyIterator$1]) but failed to remove it when the web application was stopped. Threads are going to be renewed over time to try and avoid a probable memory leak.
Apr 18, 2012 11:04:07 PM org.apache.catalina.loader.WebappClassLoader checkThreadLocalMapForLeaks
SEVERE: The web application [] created a ThreadLocal with key of type [javolution.context.ObjectFactory$2] (value [javolution.context.ObjectFactory$2@76c5a2f7]) and a value of type [javolution.context.HeapContext.HeapAllocator] (value [Heap allocator for class javolution.util.FastMap$EntryIterator$1]) but failed to remove it when the web application was stopped. Threads are going to be renewed over time to try and avoid a probable memory leak.
Apr 18, 2012 11:04:07 PM org.apache.catalina.loader.WebappClassLoader checkThreadLocalMapForLeaks
SEVERE: The web application [] created a ThreadLocal with key of type [javolution.context.Context$1] (value [javolution.context.Context$1@294e430c]) and a value of type [javolution.context.Context.Root] (value [Instance of javolution.context.Context$Root]) but failed to remove it when the web application was stopped. Threads are going to be renewed over time to try and avoid a probable memory leak.
Apr 18, 2012 11:04:07 PM org.apache.catalina.loader.WebappClassLoader checkThreadLocalMapForLeaks
SEVERE: The web application [] created a ThreadLocal with key of type [javolution.context.HeapContext$1] (value [javolution.context.HeapContext$1@4f8bff68]) and a value of type [javolution.util.FastMap] (value [[javolution.util.FastMap$KeyIterator$1@644ca6b6=Heap allocator for class javolution.util.FastMap$KeyIterator$1, javolution.util.FastMap$EntryIterator$1@34b6a6d6=Heap allocator for class javolution.util.FastMap$EntryIterator$1, javolution.util.FastMap$ValueIterator$1@798a62f6=Heap allocator for class javolution.util.FastMap$ValueIterator$1]]) but failed to remove it when the web application was stopped. Threads are going to be renewed over time to try and avoid a probable memory leak.
Apr 18, 2012 11:04:07 PM org.apache.catalina.loader.WebappClassLoader checkThreadLocalMapForLeaks
SEVERE: The web application [] created a ThreadLocal with key of type [javolution.context.ObjectFactory$2] (value [javolution.context.ObjectFactory$2@1b4920f8]) and a value of type [javolution.context.HeapContext.HeapAllocator] (value [Heap allocator for class javolution.util.FastMap$ValueIterator$1]) but failed to remove it when the web application was stopped. Threads are going to be renewed over time to try and avoid a probable memory leak.
Apr 18, 2012 11:04:07 PM org.apache.catalina.loader.WebappClassLoader checkThreadLocalMapForLeaks
SEVERE: The web application [] created a ThreadLocal with key of type [javolution.context.HeapContext$2] (value [javolution.context.HeapContext$2@5e1387c6]) and a value of type [javolution.util.FastTable] (value [[Heap allocator for class javolution.util.FastMap$KeyIterator$1, Heap allocator for class javolution.util.FastMap$EntryIterator$1, Heap allocator for class javolution.util.FastMap$ValueIterator$1]]) but failed to remove it when the web application was stopped. Threads are going to be renewed over time to try and avoid a probable memory leak.
Apr 18, 2012 11:04:07 PM org.apache.catalina.loader.WebappClassLoader checkThreadLocalMapForLeaks
SEVERE: The web application [] created a ThreadLocal with key of type [javolution.context.ObjectFactory$2] (value [javolution.context.ObjectFactory$2@515632d]) and a value of type [javolution.context.HeapContext.HeapAllocator] (value [Heap allocator for class javolution.util.FastMap$KeyIterator$1]) but failed to remove it when the web application was stopped. Threads are going to be renewed over time to try and avoid a probable memory leak.
Apr 18, 2012 11:04:07 PM org.apache.catalina.loader.WebappClassLoader checkThreadLocalMapForLeaks
SEVERE: The web application [] created a ThreadLocal with key of type [javolution.context.ObjectFactory$2] (value [javolution.context.ObjectFactory$2@76c5a2f7]) and a value of type [javolution.context.HeapContext.HeapAllocator] (value [Heap allocator for class javolution.util.FastMap$EntryIterator$1]) but failed to remove it when the web application was stopped. Threads are going to be renewed over time to try and avoid a probable memory leak.
Apr 18, 2012 11:04:07 PM org.apache.catalina.loader.WebappClassLoader checkThreadLocalMapForLeaks
SEVERE: The web application [] created a ThreadLocal with key of type [javolution.context.Context$1] (value [javolution.context.Context$1@294e430c]) and a value of type [javolution.context.Context.Root] (value [Instance of javolution.context.Context$Root]) but failed to remove it when the web application was stopped. Threads are going to be renewed over time to try and avoid a probable memory leak.
Apr 18, 2012 11:04:07 PM org.apache.catalina.loader.WebappClassLoader checkThreadLocalMapForLeaks
SEVERE: The web application [] created a ThreadLocal with key of type [javolution.context.HeapContext$1] (value [javolution.context.HeapContext$1@4f8bff68]) and a value of type [javolution.util.FastMap] (value [[javolution.util.FastMap$KeyIterator$1@644ca6b6=Heap allocator for class javolution.util.FastMap$KeyIterator$1, javolution.util.FastMap$EntryIterator$1@34b6a6d6=Heap allocator for class javolution.util.FastMap$EntryIterator$1, javolution.util.FastMap$ValueIterator$1@798a62f6=Heap allocator for class javolution.util.FastMap$ValueIterator$1]]) but failed to remove it when the web application was stopped. Threads are going to be renewed over time to try and avoid a probable memory leak.
Apr 18, 2012 11:04:07 PM org.apache.catalina.loader.WebappClassLoader checkThreadLocalMapForLeaks
SEVERE: The web application [] created a ThreadLocal with key of type [javolution.context.ObjectFactory$2] (value [javolution.context.ObjectFactory$2@1b4920f8]) and a value of type [javolution.context.HeapContext.HeapAllocator] (value [Heap allocator for class javolution.util.FastMap$ValueIterator$1]) but failed to remove it when the web application was stopped. Threads are going to be renewed over time to try and avoid a probable memory leak.
Apr 18, 2012 11:04:07 PM org.apache.catalina.loader.WebappClassLoader checkThreadLocalMapForLeaks
SEVERE: The web application [] created a ThreadLocal with key of type [javolution.context.HeapContext$2] (value [javolution.context.HeapContext$2@5e1387c6]) and a value of type [javolution.util.FastTable] (value [[Heap allocator for class javolution.util.FastMap$KeyIterator$1, Heap allocator for class javolution.util.FastMap$EntryIterator$1, Heap allocator for class javolution.util.FastMap$ValueIterator$1]]) but failed to remove it when the web application was stopped. Threads are going to be renewed over time to try and avoid a probable memory leak.
Apr 18, 2012 11:04:07 PM org.apache.catalina.loader.WebappClassLoader checkThreadLocalMapForLeaks
SEVERE: The web application [] created a ThreadLocal with key of type [javolution.context.ObjectFactory$2] (value [javolution.context.ObjectFactory$2@515632d]) and a value of type [javolution.context.HeapContext.HeapAllocator] (value [Heap allocator for class javolution.util.FastMap$KeyIterator$1]) but failed to remove it when the web application was stopped. Threads are going to be renewed over time to try and avoid a probable memory leak.
Apr 18, 2012 11:04:07 PM org.apache.catalina.loader.WebappClassLoader checkThreadLocalMapForLeaks
SEVERE: The web application [] created a ThreadLocal with key of type [javolution.context.ObjectFactory$2] (value [javolution.context.ObjectFactory$2@76c5a2f7]) and a value of type [javolution.context.HeapContext.HeapAllocator] (value [Heap allocator for class javolution.util.FastMap$EntryIterator$1]) but failed to remove it when the web application was stopped. Threads are going to be renewed over time to try and avoid a probable memory leak.
Apr 18, 2012 11:04:07 PM org.apache.catalina.loader.WebappClassLoader checkThreadLocalMapForLeaks
SEVERE: The web application [] created a ThreadLocal with key of type [javolution.context.Context$1] (value [javolution.context.Context$1@294e430c]) and a value of type [javolution.context.Context.Root] (value [Instance of javolution.context.Context$Root]) but failed to remove it when the web application was stopped. Threads are going to be renewed over time to try and avoid a probable memory leak.
Apr 18, 2012 11:04:07 PM org.apache.catalina.loader.WebappClassLoader checkThreadLocalMapForLeaks
SEVERE: The web application [] created a ThreadLocal with key of type [javolution.context.HeapContext$1] (value [javolution.context.HeapContext$1@4f8bff68]) and a value of type [javolution.util.FastMap] (value [[javolution.util.FastMap$KeyIterator$1@644ca6b6=Heap allocator for class javolution.util.FastMap$KeyIterator$1, javolution.util.FastMap$EntryIterator$1@34b6a6d6=Heap allocator for class javolution.util.FastMap$EntryIterator$1, javolution.util.FastMap$ValueIterator$1@798a62f6=Heap allocator for class javolution.util.FastMap$ValueIterator$1]]) but failed to remove it when the web application was stopped. Threads are going to be renewed over time to try and avoid a probable memory leak.
Apr 18, 2012 11:04:07 PM org.apache.catalina.loader.WebappClassLoader checkThreadLocalMapForLeaks
SEVERE: The web application [] created a ThreadLocal with key of type [javolution.context.ObjectFactory$2] (value [javolution.context.ObjectFactory$2@1b4920f8]) and a value of type [javolution.context.HeapContext.HeapAllocator] (value [Heap allocator for class javolution.util.FastMap$ValueIterator$1]) but failed to remove it when the web application was stopped. Threads are going to be renewed over time to try and avoid a probable memory leak.
Apr 18, 2012 11:04:07 PM org.apache.catalina.loader.WebappClassLoader checkThreadLocalMapForLeaks
SEVERE: The web application [] created a ThreadLocal with key of type [javolution.context.HeapContext$2] (value [javolution.context.HeapContext$2@5e1387c6]) and a value of type [javolution.util.FastTable] (value [[Heap allocator for class javolution.util.FastMap$KeyIterator$1, Heap allocator for class javolution.util.FastMap$EntryIterator$1, Heap allocator for class javolution.util.FastMap$ValueIterator$1]]) but failed to remove it when the web application was stopped. Threads are going to be renewed over time to try and avoid a probable memory leak.
Apr 18, 2012 11:04:07 PM org.apache.catalina.loader.WebappClassLoader checkThreadLocalMapForLeaks
SEVERE: The web application [] created a ThreadLocal with key of type [javolution.context.ObjectFactory$2] (value [javolution.context.ObjectFactory$2@515632d]) and a value of type [javolution.context.HeapContext.HeapAllocator] (value [Heap allocator for class javolution.util.FastMap$KeyIterator$1]) but failed to remove it when the web application was stopped. Threads are going to be renewed over time to try and avoid a probable memory leak.
Apr 18, 2012 11:04:07 PM org.apache.catalina.loader.WebappClassLoader checkThreadLocalMapForLeaks
SEVERE: The web application [] created a ThreadLocal with key of type [javolution.context.ObjectFactory$2] (value [javolution.context.ObjectFactory$2@76c5a2f7]) and a value of type [javolution.context.HeapContext.HeapAllocator] (value [Heap allocator for class javolution.util.FastMap$EntryIterator$1]) but failed to remove it when the web application was stopped. Threads are going to be renewed over time to try and avoid a probable memory leak.
Apr 18, 2012 11:04:07 PM org.apache.catalina.loader.WebappClassLoader checkThreadLocalMapForLeaks
SEVERE: The web application [] created a ThreadLocal with key of type [javolution.context.Context$1] (value [javolution.context.Context$1@294e430c]) and a value of type [javolution.context.Context.Root] (value [Instance of javolution.context.Context$Root]) but failed to remove it when the web application was stopped. Threads are going to be renewed over time to try and avoid a probable memory leak.
Apr 18, 2012 11:04:07 PM org.apache.catalina.loader.WebappClassLoader checkThreadLocalMapForLeaks
SEVERE: The web application [] created a ThreadLocal with key of type [javolution.context.HeapContext$1] (value [javolution.context.HeapContext$1@4f8bff68]) and a value of type [javolution.util.FastMap] (value [[javolution.util.FastMap$KeyIterator$1@644ca6b6=Heap allocator for class javolution.util.FastMap$KeyIterator$1, javolution.util.FastMap$EntryIterator$1@34b6a6d6=Heap allocator for class javolution.util.FastMap$EntryIterator$1, javolution.util.FastMap$ValueIterator$1@798a62f6=Heap allocator for class javolution.util.FastMap$ValueIterator$1]]) but failed to remove it when the web application was stopped. Threads are going to be renewed over time to try and avoid a probable memory leak.
Apr 18, 2012 11:04:07 PM org.apache.catalina.loader.WebappClassLoader checkThreadLocalMapForLeaks
SEVERE: The web application [] created a ThreadLocal with key of type [javolution.context.ObjectFactory$2] (value [javolution.context.ObjectFactory$2@1b4920f8]) and a value of type [javolution.context.HeapContext.HeapAllocator] (value [Heap allocator for class javolution.util.FastMap$ValueIterator$1]) but failed to remove it when the web application was stopped. Threads are going to be renewed over time to try and avoid a probable memory leak.
Apr 18, 2012 11:04:07 PM org.apache.catalina.loader.WebappClassLoader checkThreadLocalMapForLeaks
SEVERE: The web application [] created a ThreadLocal with key of type [javolution.context.HeapContext$2] (value [javolution.context.HeapContext$2@5e1387c6]) and a value of type [javolution.util.FastTable] (value [[Heap allocator for class javolution.util.FastMap$KeyIterator$1, Heap allocator for class javolution.util.FastMap$EntryIterator$1, Heap allocator for class javolution.util.FastMap$ValueIterator$1]]) but failed to remove it when the web application was stopped. Threads are going to be renewed over time to try and avoid a probable memory leak.
Apr 18, 2012 11:04:07 PM org.apache.catalina.loader.WebappClassLoader checkThreadLocalMapForLeaks
SEVERE: The web application [] created a ThreadLocal with key of type [javolution.context.ObjectFactory$2] (value [javolution.context.ObjectFactory$2@515632d]) and a value of type [javolution.context.HeapContext.HeapAllocator] (value [Heap allocator for class javolution.util.FastMap$KeyIterator$1]) but failed to remove it when the web application was stopped. Threads are going to be renewed over time to try and avoid a probable memory leak.
Apr 18, 2012 11:04:07 PM org.apache.catalina.loader.WebappClassLoader checkThreadLocalMapForLeaks
SEVERE: The web application [] created a ThreadLocal with key of type [javolution.context.ObjectFactory$2] (value [javolution.context.ObjectFactory$2@76c5a2f7]) and a value of type [javolution.context.HeapContext.HeapAllocator] (value [Heap allocator for class javolution.util.FastMap$EntryIterator$1]) but failed to remove it when the web application was stopped. Threads are going to be renewed over time to try and avoid a probable memory leak.
Apr 18, 2012 11:04:07 PM org.apache.catalina.loader.WebappClassLoader checkThreadLocalMapForLeaks
SEVERE: The web application [] created a ThreadLocal with key of type [javolution.context.Context$1] (value [javolution.context.Context$1@294e430c]) and a value of type [javolution.context.Context.Root] (value [Instance of javolution.context.Context$Root]) but failed to remove it when the web application was stopped. Threads are going to be renewed over time to try and avoid a probable memory leak.
Apr 18, 2012 11:04:07 PM org.apache.catalina.loader.WebappClassLoader checkThreadLocalMapForLeaks
SEVERE: The web application [] created a ThreadLocal with key of type [javolution.context.HeapContext$1] (value [javolution.context.HeapContext$1@4f8bff68]) and a value of type [javolution.util.FastMap] (value [[javolution.util.FastMap$KeyIterator$1@644ca6b6=Heap allocator for class javolution.util.FastMap$KeyIterator$1, javolution.util.FastMap$EntryIterator$1@34b6a6d6=Heap allocator for class javolution.util.FastMap$EntryIterator$1, javolution.util.FastMap$ValueIterator$1@798a62f6=Heap allocator for class javolution.util.FastMap$ValueIterator$1]]) but failed to remove it when the web application was stopped. Threads are going to be renewed over time to try and avoid a probable memory leak.
Apr 18, 2012 11:04:07 PM org.apache.catalina.loader.WebappClassLoader checkThreadLocalMapForLeaks
SEVERE: The web application [] created a ThreadLocal with key of type [javolution.context.ObjectFactory$2] (value [javolution.context.ObjectFactory$2@1b4920f8]) and a value of type [javolution.context.HeapContext.HeapAllocator] (value [Heap allocator for class javolution.util.FastMap$ValueIterator$1]) but failed to remove it when the web application was stopped. Threads are going to be renewed over time to try and avoid a probable memory leak.
Apr 18, 2012 11:04:07 PM org.apache.catalina.loader.WebappClassLoader checkThreadLocalMapForLeaks
SEVERE: The web application [] created a ThreadLocal with key of type [javolution.context.HeapContext$2] (value [javolution.context.HeapContext$2@5e1387c6]) and a value of type [javolution.util.FastTable] (value [[Heap allocator for class javolution.util.FastMap$KeyIterator$1, Heap allocator for class javolution.util.FastMap$EntryIterator$1, Heap allocator for class javolution.util.FastMap$ValueIterator$1]]) but failed to remove it when the web application was stopped. Threads are going to be renewed over time to try and avoid a probable memory leak.
Apr 18, 2012 11:04:07 PM org.apache.catalina.loader.WebappClassLoader checkThreadLocalMapForLeaks
SEVERE: The web application [] created a ThreadLocal with key of type [javolution.context.ObjectFactory$2] (value [javolution.context.ObjectFactory$2@515632d]) and a value of type [javolution.context.HeapContext.HeapAllocator] (value [Heap allocator for class javolution.util.FastMap$KeyIterator$1]) but failed to remove it when the web application was stopped. Threads are going to be renewed over time to try and avoid a probable memory leak.
Apr 18, 2012 11:04:07 PM org.apache.catalina.loader.WebappClassLoader checkThreadLocalMapForLeaks
SEVERE: The web application [] created a ThreadLocal with key of type [javolution.context.ObjectFactory$2] (value [javolution.context.ObjectFactory$2@76c5a2f7]) and a value of type [javolution.context.HeapContext.HeapAllocator] (value [Heap allocator for class javolution.util.FastMap$EntryIterator$1]) but failed to remove it when the web application was stopped. Threads are going to be renewed over time to try and avoid a probable memory leak.
Apr 18, 2012 11:04:07 PM org.apache.catalina.loader.WebappClassLoader checkThreadLocalMapForLeaks
SEVERE: The web application [] created a ThreadLocal with key of type [javolution.context.Context$1] (value [javolution.context.Context$1@294e430c]) and a value of type [javolution.context.Context.Root] (value [Instance of javolution.context.Context$Root]) but failed to remove it when the web application was stopped. Threads are going to be renewed over time to try and avoid a probable memory leak.
Apr 18, 2012 11:04:07 PM org.apache.catalina.loader.WebappClassLoader checkThreadLocalMapForLeaks
SEVERE: The web application [] created a ThreadLocal with key of type [javolution.context.HeapContext$1] (value [javolution.context.HeapContext$1@4f8bff68]) and a value of type [javolution.util.FastMap] (value [[javolution.util.FastMap$KeyIterator$1@644ca6b6=Heap allocator for class javolution.util.FastMap$KeyIterator$1, javolution.util.FastMap$EntryIterator$1@34b6a6d6=Heap allocator for class javolution.util.FastMap$EntryIterator$1, javolution.context.ArrayFactory$13@d38d2fc=Heap allocator for class javolution.context.ArrayFactory$13, javolution.util.FastMap$ValueIterator$1@798a62f6=Heap allocator for class javolution.util.FastMap$ValueIterator$1]]) but failed to remove it when the web application was stopped. Threads are going to be renewed over time to try and avoid a probable memory leak.
Apr 18, 2012 11:04:07 PM org.apache.catalina.loader.WebappClassLoader checkThreadLocalMapForLeaks
SEVERE: The web application [] created a ThreadLocal with key of type [javolution.context.ObjectFactory$2] (value [javolution.context.ObjectFactory$2@1b4920f8]) and a value of type [javolution.context.HeapContext.HeapAllocator] (value [Heap allocator for class javolution.util.FastMap$ValueIterator$1]) but failed to remove it when the web application was stopped. Threads are going to be renewed over time to try and avoid a probable memory leak.
Apr 18, 2012 11:04:07 PM org.apache.catalina.loader.WebappClassLoader checkThreadLocalMapForLeaks
SEVERE: The web application [] created a ThreadLocal with key of type [javolution.context.HeapContext$2] (value [javolution.context.HeapContext$2@5e1387c6]) and a value of type [javolution.util.FastTable] (value [[Heap allocator for class javolution.util.FastMap$KeyIterator$1, Heap allocator for class javolution.util.FastMap$EntryIterator$1, Heap allocator for class javolution.context.ArrayFactory$13, Heap allocator for class javolution.util.FastMap$ValueIterator$1]]) but failed to remove it when the web application was stopped. Threads are going to be renewed over time to try and avoid a probable memory leak.
Apr 18, 2012 11:04:07 PM org.apache.catalina.loader.WebappClassLoader checkThreadLocalMapForLeaks
SEVERE: The web application [] created a ThreadLocal with key of type [javolution.context.ObjectFactory$2] (value [javolution.context.ObjectFactory$2@c1dfe1a]) and a value of type [javolution.context.HeapContext.HeapAllocator] (value [Heap allocator for class javolution.context.ArrayFactory$13]) but failed to remove it when the web application was stopped. Threads are going to be renewed over time to try and avoid a probable memory leak.
Apr 18, 2012 11:04:07 PM org.apache.catalina.loader.WebappClassLoader checkThreadLocalMapForLeaks
SEVERE: The web application [] created a ThreadLocal with key of type [javolution.context.ObjectFactory$2] (value [javolution.context.ObjectFactory$2@515632d]) and a value of type [javolution.context.HeapContext.HeapAllocator] (value [Heap allocator for class javolution.util.FastMap$KeyIterator$1]) but failed to remove it when the web application was stopped. Threads are going to be renewed over time to try and avoid a probable memory leak.
Apr 18, 2012 11:04:07 PM org.apache.catalina.loader.WebappClassLoader checkThreadLocalMapForLeaks
SEVERE: The web application [] created a ThreadLocal with key of type [javolution.context.ObjectFactory$2] (value [javolution.context.ObjectFactory$2@76c5a2f7]) and a value of type [javolution.context.HeapContext.HeapAllocator] (value [Heap allocator for class javolution.util.FastMap$EntryIterator$1]) but failed to remove it when the web application was stopped. Threads are going to be renewed over time to try and avoid a probable memory leak.
Apr 18, 2012 11:04:07 PM org.apache.catalina.loader.WebappClassLoader checkThreadLocalMapForLeaks
SEVERE: The web application [] created a ThreadLocal with key of type [javolution.context.Context$1] (value [javolution.context.Context$1@294e430c]) and a value of type [javolution.context.Context.Root] (value [Instance of javolution.context.Context$Root]) but failed to remove it when the web application was stopped. Threads are going to be renewed over time to try and avoid a probable memory leak.
Apr 18, 2012 11:04:07 PM org.apache.catalina.loader.WebappClassLoader checkThreadLocalMapForLeaks
SEVERE: The web application [] created a ThreadLocal with key of type [javolution.context.HeapContext$1] (value [javolution.context.HeapContext$1@4f8bff68]) and a value of type [javolution.util.FastMap] (value [[javolution.util.FastMap$KeyIterator$1@644ca6b6=Heap allocator for class javolution.util.FastMap$KeyIterator$1, javolution.util.FastMap$EntryIterator$1@34b6a6d6=Heap allocator for class javolution.util.FastMap$EntryIterator$1, javolution.util.FastMap$ValueIterator$1@798a62f6=Heap allocator for class javolution.util.FastMap$ValueIterator$1]]) but failed to remove it when the web application was stopped. Threads are going to be renewed over time to try and avoid a probable memory leak.
Apr 18, 2012 11:04:07 PM org.apache.catalina.loader.WebappClassLoader checkThreadLocalMapForLeaks
SEVERE: The web application [] created a ThreadLocal with key of type [javolution.context.ObjectFactory$2] (value [javolution.context.ObjectFactory$2@1b4920f8]) and a value of type [javolution.context.HeapContext.HeapAllocator] (value [Heap allocator for class javolution.util.FastMap$ValueIterator$1]) but failed to remove it when the web application was stopped. Threads are going to be renewed over time to try and avoid a probable memory leak.
Apr 18, 2012 11:04:07 PM org.apache.catalina.loader.WebappClassLoader checkThreadLocalMapForLeaks
SEVERE: The web application [] created a ThreadLocal with key of type [javolution.context.HeapContext$2] (value [javolution.context.HeapContext$2@5e1387c6]) and a value of type [javolution.util.FastTable] (value [[Heap allocator for class javolution.util.FastMap$KeyIterator$1, Heap allocator for class javolution.util.FastMap$EntryIterator$1, Heap allocator for class javolution.util.FastMap$ValueIterator$1]]) but failed to remove it when the web application was stopped. Threads are going to be renewed over time to try and avoid a probable memory leak.
Apr 18, 2012 11:04:07 PM org.apache.catalina.loader.WebappClassLoader checkThreadLocalMapForLeaks
SEVERE: The web application [] created a ThreadLocal with key of type [javolution.context.ObjectFactory$2] (value [javolution.context.ObjectFactory$2@515632d]) and a value of type [javolution.context.HeapContext.HeapAllocator] (value [Heap allocator for class javolution.util.FastMap$KeyIterator$1]) but failed to remove it when the web application was stopped. Threads are going to be renewed over time to try and avoid a probable memory leak.
Apr 18, 2012 11:04:07 PM org.apache.catalina.loader.WebappClassLoader checkThreadLocalMapForLeaks
SEVERE: The web application [] created a ThreadLocal with key of type [javolution.context.ObjectFactory$2] (value [javolution.context.ObjectFactory$2@76c5a2f7]) and a value of type [javolution.context.HeapContext.HeapAllocator] (value [Heap allocator for class javolution.util.FastMap$EntryIterator$1]) but failed to remove it when the web application was stopped. Threads are going to be renewed over time to try and avoid a probable memory leak.
Apr 18, 2012 11:04:07 PM org.apache.catalina.loader.WebappClassLoader checkThreadLocalMapForLeaks
SEVERE: The web application [] created a ThreadLocal with key of type [javolution.context.Context$1] (value [javolution.context.Context$1@294e430c]) and a value of type [javolution.context.Context.Root] (value [Instance of javolution.context.Context$Root]) but failed to remove it when the web application was stopped. Threads are going to be renewed over time to try and avoid a probable memory leak.
Apr 18, 2012 11:04:07 PM org.apache.catalina.loader.WebappClassLoader checkThreadLocalMapForLeaks
SEVERE: The web application [] created a ThreadLocal with key of type [javolution.context.HeapContext$1] (value [javolution.context.HeapContext$1@4f8bff68]) and a value of type [javolution.util.FastMap] (value [[javolution.util.FastMap$KeyIterator$1@644ca6b6=Heap allocator for class javolution.util.FastMap$KeyIterator$1, javolution.util.FastMap$EntryIterator$1@34b6a6d6=Heap allocator for class javolution.util.FastMap$EntryIterator$1, javolution.util.FastMap$ValueIterator$1@798a62f6=Heap allocator for class javolution.util.FastMap$ValueIterator$1]]) but failed to remove it when the web application was stopped. Threads are going to be renewed over time to try and avoid a probable memory leak.
Apr 18, 2012 11:04:07 PM org.apache.catalina.loader.WebappClassLoader checkThreadLocalMapForLeaks
SEVERE: The web application [] created a ThreadLocal with key of type [javolution.context.ObjectFactory$2] (value [javolution.context.ObjectFactory$2@1b4920f8]) and a value of type [javolution.context.HeapContext.HeapAllocator] (value [Heap allocator for class javolution.util.FastMap$ValueIterator$1]) but failed to remove it when the web application was stopped. Threads are going to be renewed over time to try and avoid a probable memory leak.
Apr 18, 2012 11:04:07 PM org.apache.catalina.loader.WebappClassLoader checkThreadLocalMapForLeaks
SEVERE: The web application [] created a ThreadLocal with key of type [javolution.context.HeapContext$2] (value [javolution.context.HeapContext$2@5e1387c6]) and a value of type [javolution.util.FastTable] (value [[Heap allocator for class javolution.util.FastMap$KeyIterator$1, Heap allocator for class javolution.util.FastMap$EntryIterator$1, Heap allocator for class javolution.util.FastMap$ValueIterator$1]]) but failed to remove it when the web application was stopped. Threads are going to be renewed over time to try and avoid a probable memory leak.
Apr 18, 2012 11:04:07 PM org.apache.catalina.loader.WebappClassLoader checkThreadLocalMapForLeaks
SEVERE: The web application [] created a ThreadLocal with key of type [javolution.context.ObjectFactory$2] (value [javolution.context.ObjectFactory$2@515632d]) and a value of type [javolution.context.HeapContext.HeapAllocator] (value [Heap allocator for class javolution.util.FastMap$KeyIterator$1]) but failed to remove it when the web application was stopped. Threads are going to be renewed over time to try and avoid a probable memory leak.
Apr 18, 2012 11:04:07 PM org.apache.catalina.loader.WebappClassLoader checkThreadLocalMapForLeaks
SEVERE: The web application [] created a ThreadLocal with key of type [javolution.context.ObjectFactory$2] (value [javolution.context.ObjectFactory$2@76c5a2f7]) and a value of type [javolution.context.HeapContext.HeapAllocator] (value [Heap allocator for class javolution.util.FastMap$EntryIterator$1]) but failed to remove it when the web application was stopped. Threads are going to be renewed over time to try and avoid a probable memory leak.
Apr 18, 2012 11:04:07 PM org.apache.catalina.loader.WebappClassLoader checkThreadLocalMapForLeaks
SEVERE: The web application [] created a ThreadLocal with key of type [javolution.context.Context$1] (value [javolution.context.Context$1@294e430c]) and a value of type [javolution.context.Context.Root] (value [Instance of javolution.context.Context$Root]) but failed to remove it when the web application was stopped. Threads are going to be renewed over time to try and avoid a probable memory leak.
Apr 18, 2012 11:04:07 PM org.apache.catalina.loader.WebappClassLoader checkThreadLocalMapForLeaks
SEVERE: The web application [] created a ThreadLocal with key of type [javolution.context.HeapContext$1] (value [javolution.context.HeapContext$1@4f8bff68]) and a value of type [javolution.util.FastMap] (value [[javolution.util.FastTable$FastTableIterator$1@7dcb3cd=Heap allocator for class javolution.util.FastTable$FastTableIterator$1, javolution.util.FastMap$KeyIterator$1@644ca6b6=Heap allocator for class javolution.util.FastMap$KeyIterator$1, javolution.util.FastMap$ValueIterator$1@798a62f6=Heap allocator for class javolution.util.FastMap$ValueIterator$1, javolution.text.Text$3@369133f6=Heap allocator for class javolution.text.Text$3, javolution.text.Text$4@76ea7776=Heap allocator for class javolution.text.Text$4]]) but failed to remove it when the web application was stopped. Threads are going to be renewed over time to try and avoid a probable memory leak.
Apr 18, 2012 11:04:07 PM org.apache.catalina.loader.WebappClassLoader checkThreadLocalMapForLeaks
SEVERE: The web application [] created a ThreadLocal with key of type [javolution.context.HeapContext$2] (value [javolution.context.HeapContext$2@5e1387c6]) and a value of type [javolution.util.FastTable] (value [[Heap allocator for class javolution.util.FastTable$FastTableIterator$1, Heap allocator for class javolution.util.FastMap$KeyIterator$1, Heap allocator for class javolution.util.FastMap$ValueIterator$1, Heap allocator for class javolution.text.Text$3, Heap allocator for class javolution.text.Text$4]]) but failed to remove it when the web application was stopped. Threads are going to be renewed over time to try and avoid a probable memory leak.
Apr 18, 2012 11:04:07 PM org.apache.catalina.loader.WebappClassLoader checkThreadLocalMapForLeaks
SEVERE: The web application [] created a ThreadLocal with key of type [javolution.context.ObjectFactory$2] (value [javolution.context.ObjectFactory$2@5113de03]) and a value of type [javolution.context.HeapContext.HeapAllocator] (value [Heap allocator for class javolution.util.FastTable$FastTableIterator$1]) but failed to remove it when the web application was stopped. Threads are going to be renewed over time to try and avoid a probable memory leak.
Apr 18, 2012 11:04:07 PM org.apache.catalina.loader.WebappClassLoader checkThreadLocalMapForLeaks
SEVERE: The web application [] created a ThreadLocal with key of type [javolution.context.ObjectFactory$2] (value [javolution.context.ObjectFactory$2@1b4920f8]) and a value of type [javolution.context.HeapContext.HeapAllocator] (value [Heap allocator for class javolution.util.FastMap$ValueIterator$1]) but failed to remove it when the web application was stopped. Threads are going to be renewed over time to try and avoid a probable memory leak.
Apr 18, 2012 11:04:07 PM org.apache.catalina.loader.WebappClassLoader checkThreadLocalMapForLeaks
SEVERE: The web application [] created a ThreadLocal with key of type [javolution.context.ObjectFactory$2] (value [javolution.context.ObjectFactory$2@6f54c08a]) and a value of type [javolution.context.HeapContext.HeapAllocator] (value [Heap allocator for class javolution.text.Text$3]) but failed to remove it when the web application was stopped. Threads are going to be renewed over time to try and avoid a probable memory leak.
Apr 18, 2012 11:04:07 PM org.apache.catalina.loader.WebappClassLoader checkThreadLocalMapForLeaks
SEVERE: The web application [] created a ThreadLocal with key of type [javolution.context.ObjectFactory$2] (value [javolution.context.ObjectFactory$2@515632d]) and a value of type [javolution.context.HeapContext.HeapAllocator] (value [Heap allocator for class javolution.util.FastMap$KeyIterator$1]) but failed to remove it when the web application was stopped. Threads are going to be renewed over time to try and avoid a probable memory leak.
Apr 18, 2012 11:04:07 PM org.apache.catalina.loader.WebappClassLoader checkThreadLocalMapForLeaks
SEVERE: The web application [] created a ThreadLocal with key of type [javolution.context.ObjectFactory$2] (value [javolution.context.ObjectFactory$2@252cdd20]) and a value of type [javolution.context.HeapContext.HeapAllocator] (value [Heap allocator for class javolution.text.Text$4]) but failed to remove it when the web application was stopped. Threads are going to be renewed over time to try and avoid a probable memory leak.
Apr 18, 2012 11:04:07 PM org.apache.catalina.loader.WebappClassLoader checkThreadLocalMapForLeaks
SEVERE: The web application [] created a ThreadLocal with key of type [javolution.context.Context$1] (value [javolution.context.Context$1@294e430c]) and a value of type [javolution.context.Context.Root] (value [Instance of javolution.context.Context$Root]) but failed to remove it when the web application was stopped. Threads are going to be renewed over time to try and avoid a probable memory leak.
Apr 18, 2012 11:04:07 PM org.apache.coyote.AbstractProtocol stop
INFO: Stopping ProtocolHandler ["http-bio-8080"]
Apr 18, 2012 11:04:07 PM org.apache.coyote.AbstractProtocol stop
INFO: Stopping ProtocolHandler ["ajp-bio-8009"]
Apr 18, 2012 11:04:07 PM org.apache.coyote.AbstractProtocol destroy
INFO: Destroying ProtocolHandler ["http-bio-8080"]
Apr 18, 2012 11:04:07 PM org.apache.coyote.AbstractProtocol destroy
INFO: Destroying ProtocolHandler ["ajp-bio-8009"]
